Algorithm: Greedy

System Configuration :

i5-9300H 2.40GHz
8Go RAM
UHD Graphics 630
Linux Kubuntu 22.04


Antenna count : 30

┌────── GRAPHE COLORIZATION ──────┐
│ idx │  r  │  g  │  b  │   freq  │
├─────────────────────────────────┤
│   0 │ 224    65    72 │    900  │
│   1 │ 224    65    72 │    900  │
│   2 │  99   230   112 │   1050  │
│   3 │  99   230   112 │   1050  │
│   4 │ 224    65    72 │    900  │
│   5 │ 224    65    72 │    900  │
└─────────────────────────────────┘

┌────── Graphe loading performances log ──────┐
│ construction     : 52µs 668ns               │
│ coloration       : 13µs 931ns               │
│ freq. assignment : 10µs 550ns               │
└─────────────────────────────────────────────┘

┌───── Network loading performances log ──────┐
│ loadFile : 223µs 566ns                      │
│ graphe   : 116µs 486ns                      │
└─────────────────────────────────────────────┘

┌─────── Model loading performances log ──────┐
│ MapModel     : 311ms 153µs 504ns            │
│ NetworkModel : 336µs 560ns                  │
└─────────────────────────────────────────────┘

┌──────── Application performances log ───────┐
│ Config reader : 158µs 96ns                  │
│ Model loading : 311ms 501µs 352ns           │
│ Total time    : 311ms 659µs 448ns           │
└─────────────────────────────────────────────┘

┌───────── Renderer performances log ─────────┐
│ Create window : 76ms 289µs 401ns            │
└─────────────────────────────────────────────┘


Antenna count : 100

┌────── GRAPHE COLORIZATION ──────┐
│ idx │  r  │  g  │  b  │   freq  │
├─────────────────────────────────┤
│   0 │ 224    65    72 │    900  │
│   1 │ 224    65    72 │    900  │
│   2 │ 224    65    72 │    900  │
│   3 │ 224    65    72 │    900  │
│   4 │ 224    65    72 │    900  │
│   5 │  99   230   112 │    981  │
│   6 │ 224    65    72 │    900  │
│   7 │ 224    65    72 │    900  │
│   8 │  99   230   112 │    981  │
│   9 │ 224    65    72 │    900  │
│  10 │ 224    65    72 │    900  │
└─────────────────────────────────┘

┌────── Graphe loading performances log ──────┐
│ construction     : 430µs 509ns              │
│ coloration       : 53µs 956ns               │
│ freq. assignment : 22µs 809ns               │
└─────────────────────────────────────────────┘

┌───── Network loading performances log ──────┐
│ loadFile : 1ms 70µs 59ns                    │
│ graphe   : 592µs 349ns                      │
└─────────────────────────────────────────────┘

┌─────── Model loading performances log ──────┐
│ MapModel     : 314ms 603µs 231ns            │
│ NetworkModel : 1ms 679µs 785ns              │
└─────────────────────────────────────────────┘

┌──────── Application performances log ───────┐
│ Config reader : 153µs 962ns                 │
│ Model loading : 316ms 299µs 22ns            │
│ Total time    : 316ms 452µs 984ns           │
└─────────────────────────────────────────────┘

┌───────── Renderer performances log ─────────┐
│ Create window : 69ms 293µs 983ns            │
└─────────────────────────────────────────────┘


Antenna count : 500

┌────── GRAPHE COLORIZATION ──────┐
│ idx │  r  │  g  │  b  │   freq  │
├─────────────────────────────────┤
│   0 │ 224    65    72 │    900  │
│   1 │ 224    65    72 │    900  │
│   2 │ 224    65    72 │    900  │
│   3 │  99   230   112 │    917  │
│   4 │  76    89   235 │    934  │
│   5 │ 224    65    72 │    900  │
│   6 │  99   230   112 │    917  │
│   7 │ 224    65    72 │    900  │
│   8 │  76    89   235 │    934  │
│   9 │  66    36   152 │    951  │
│  10 │ 224    65    72 │    900  │
│  11 │  66    36   152 │    951  │
│  12 │ 224    65    72 │    900  │
│  13 │ 224    65    72 │    900  │
│  14 │ 224    65    72 │    900  │
│  15 │ 224    65    72 │    900  │
│  16 │  99   230   112 │    917  │
│  17 │  48   159   193 │    968  │
│  18 │ 165    58   249 │    985  │
│  19 │ 224    65    72 │    900  │
│  20 │  76    89   235 │    934  │
│  21 │  99   230   112 │    917  │
│  22 │  48   159   193 │    968  │
│  23 │ 100    59   154 │   1002  │
│  24 │ 224    65    72 │    900  │
│  25 │  99   230   112 │    917  │
│  26 │  76    89   235 │    934  │
│  27 │  66    36   152 │    951  │
│  28 │  76    89   235 │    934  │
│  29 │ 165    58   249 │    985  │
│  30 │ 224    65    72 │    900  │
│  31 │  99   230   112 │    917  │
│  32 │  48   159   193 │    968  │
│  33 │ 100    59   154 │   1002  │
│  34 │  76    89   235 │    934  │
│  35 │  76    89   235 │    934  │
│  36 │  99   230   112 │    917  │
│  37 │  66    36   152 │    951  │
│  38 │  99   230   112 │    917  │
│  39 │ 165    58   249 │    985  │
│  40 │ 224    65    72 │    900  │
│  41 │  66    36   152 │    951  │
│  42 │   2    22   239 │   1019  │
│  43 │   2    22   239 │   1019  │
│  44 │  66    36   152 │    951  │
│  45 │  10   180   138 │   1036  │
│  46 │ 224    65    72 │    900  │
│  47 │ 165    58   249 │    985  │
│  48 │  99   230   112 │    917  │
│  49 │ 224    65    72 │    900  │
│  50 │ 100    59   154 │   1002  │
└─────────────────────────────────┘

┌────── Graphe loading performances log ──────┐
│ construction     : 9ms 952µs 520ns          │
│ coloration       : 1ms 295µs 50ns           │
│ freq. assignment : 133µs 176ns              │
└─────────────────────────────────────────────┘

┌───── Network loading performances log ──────┐
│ loadFile : 2ms 884µs 389ns                  │
│ graphe   : 11ms 840µs 873ns                 │
└─────────────────────────────────────────────┘

┌─────── Model loading performances log ──────┐
│ MapModel     : 309ms 244µs 208ns            │
│ NetworkModel : 14ms 747µs 463ns             │
└─────────────────────────────────────────────┘

┌──────── Application performances log ───────┐
│ Config reader : 126µs 355ns                 │
│ Model loading : 324ms 9µs 156ns             │
│ Total time    : 324ms 135µs 511ns           │
└─────────────────────────────────────────────┘

┌───────── Renderer performances log ─────────┐
│ Create window : 77ms 75µs 443ns             │
└─────────────────────────────────────────────┘
