Algorithm: Backtracking

System Configuration :

i5-9300H 2.40GHz
8Go RAM
UHD Graphics 630
Linux Kubuntu 22.04


Antenna count : 30

┌────── GRAPHE COLORIZATION ──────┐
│ idx │  r  │  g  │  b  │   freq  │
├─────────────────────────────────┤
│   0 │ 224    65    72 │    900  │
│   1 │ 224    65    72 │    900  │
│   2 │  99   230   112 │   1050  │
│   3 │  99   230   112 │   1050  │
│   4 │ 224    65    72 │    900  │
│   5 │ 224    65    72 │    900  │
└─────────────────────────────────┘

┌────── Graphe loading performances log ──────┐
│ construction     : 53µs 439ns               │
│ coloration       : 44µs 82ns                │
│ freq. assignment : 9µs 976ns                │
└─────────────────────────────────────────────┘

┌───── Network loading performances log ──────┐
│ loadFile : 353µs 308ns                      │
│ graphe   : 149µs 409ns                      │
└─────────────────────────────────────────────┘

┌─────── Model loading performances log ──────┐
│ MapModel     : 344ms 846µs 963ns            │
│ NetworkModel : 515µs 726ns                  │
└─────────────────────────────────────────────┘

┌──────── Application performances log ───────┐
│ Config reader : 322µs 131ns                 │
│ Model loading : 345ms 375µs 272ns           │
│ Total time    : 345ms 697µs 403ns           │
└─────────────────────────────────────────────┘

┌───────── Renderer performances log ─────────┐
│ Create window : 80ms 728µs 335ns            │
└─────────────────────────────────────────────┘


Antenna count : 100

┌────── GRAPHE COLORIZATION ──────┐
│ idx │  r  │  g  │  b  │   freq  │
├─────────────────────────────────┤
│   0 │ 224    65    72 │    900  │
│   1 │ 224    65    72 │    900  │
│   2 │ 224    65    72 │    900  │
│   3 │ 224    65    72 │    900  │
│   4 │ 224    65    72 │    900  │
│   5 │  99   230   112 │    981  │
│   6 │ 224    65    72 │    900  │
│   7 │ 224    65    72 │    900  │
│   8 │  99   230   112 │    981  │
│   9 │ 224    65    72 │    900  │
│  10 │ 224    65    72 │    900  │
└─────────────────────────────────┘

┌────── Graphe loading performances log ──────┐
│ construction     : 424µs 942ns              │
│ coloration       : 359µs 752ns              │
│ freq. assignment : 22µs 867ns               │
└─────────────────────────────────────────────┘

┌───── Network loading performances log ──────┐
│ loadFile : 600µs 16ns                       │
│ graphe   : 857µs 730ns                      │
└─────────────────────────────────────────────┘

┌─────── Model loading performances log ──────┐
│ MapModel     : 314ms 4µs 28ns               │
│ NetworkModel : 1ms 469µs 653ns              │
└─────────────────────────────────────────────┘

┌──────── Application performances log ───────┐
│ Config reader : 128µs 984ns                 │
│ Model loading : 315ms 484µs 801ns           │
│ Total time    : 315ms 613µs 785ns           │
└─────────────────────────────────────────────┘

┌───────── Renderer performances log ─────────┐
│ Create window : 69ms 810µs 854ns            │
└─────────────────────────────────────────────┘


Antenna count : 500

┌────── GRAPHE COLORIZATION ──────┐
│ idx │  r  │  g  │  b  │   freq  │
├─────────────────────────────────┤
│   0 │ 224    65    72 │    900  │
│   1 │ 224    65    72 │    900  │
│   2 │ 224    65    72 │    900  │
│   3 │  99   230   112 │    917  │
│   4 │  76    89   235 │    934  │
│   5 │ 224    65    72 │    900  │
│   6 │  99   230   112 │    917  │
│   7 │ 224    65    72 │    900  │
│   8 │  76    89   235 │    934  │
│   9 │  40   120    92 │    951  │
│  10 │ 224    65    72 │    900  │
│  11 │  40   120    92 │    951  │
│  12 │ 224    65    72 │    900  │
│  13 │ 224    65    72 │    900  │
│  14 │ 224    65    72 │    900  │
│  15 │ 224    65    72 │    900  │
│  16 │  99   230   112 │    917  │
│  17 │ 102   136     4 │    968  │
│  18 │ 113   170   118 │    985  │
│  19 │ 224    65    72 │    900  │
│  20 │  76    89   235 │    934  │
│  21 │  99   230   112 │    917  │
│  22 │ 102   136     4 │    968  │
│  23 │  56     9   126 │   1002  │
│  24 │ 224    65    72 │    900  │
│  25 │  99   230   112 │    917  │
│  26 │  76    89   235 │    934  │
│  27 │  40   120    92 │    951  │
│  28 │  76    89   235 │    934  │
│  29 │ 113   170   118 │    985  │
│  30 │ 224    65    72 │    900  │
│  31 │  99   230   112 │    917  │
│  32 │ 102   136     4 │    968  │
│  33 │  56     9   126 │   1002  │
│  34 │  76    89   235 │    934  │
│  35 │  76    89   235 │    934  │
│  36 │  99   230   112 │    917  │
│  37 │  40   120    92 │    951  │
│  38 │  99   230   112 │    917  │
│  39 │ 113   170   118 │    985  │
│  40 │ 224    65    72 │    900  │
│  41 │  40   120    92 │    951  │
│  42 │ 198   188    80 │   1019  │
│  43 │ 198   188    80 │   1019  │
│  44 │  40   120    92 │    951  │
│  45 │   8    65   116 │   1036  │
│  46 │ 224    65    72 │    900  │
│  47 │ 113   170   118 │    985  │
│  48 │  99   230   112 │    917  │
│  49 │ 224    65    72 │    900  │
│  50 │  56     9   126 │   1002  │
└─────────────────────────────────┘

┌────── Graphe loading performances log ──────┐
│ construction     : 9ms 802µs 745ns          │
│ coloration       : 33ms 377µs 431ns         │
│ freq. assignment : 104µs 820ns              │
└─────────────────────────────────────────────┘

┌───── Network loading performances log ──────┐
│ loadFile : 2ms 693µs 508ns                  │
│ graphe   : 43ms 467µs 49ns                  │
└─────────────────────────────────────────────┘

┌─────── Model loading performances log ──────┐
│ MapModel     : 314ms 840µs 990ns            │
│ NetworkModel : 46ms 173µs 738ns             │
└─────────────────────────────────────────────┘

┌──────── Application performances log ───────┐
│ Config reader : 153µs 275ns                 │
│ Model loading : 361ms 23µs 877ns            │
│ Total time    : 361ms 177µs 152ns           │
└─────────────────────────────────────────────┘

┌───────── Renderer performances log ─────────┐
│ Create window : 75ms 771µs 311ns            │
└─────────────────────────────────────────────┘